Performing C SOURCE FILE Test CMAKE_HAVE_LIBC_PTHREAD failed with the following output:
Change Dir: /usr/technopark/test/CMakeFiles/CMakeTmp

Run Build Command(s):/usr/bin/make cmTC_52544/fast && /usr/bin/make -f CMakeFiles/cmTC_52544.dir/build.make CMakeFiles/cmTC_52544.dir/build
make[1]: вход в каталог «/usr/technopark/test/CMakeFiles/CMakeTmp»
Building C object CMakeFiles/cmTC_52544.dir/src.c.o
/usr/bin/cc   -DCMAKE_HAVE_LIBC_PTHREAD   -o CMakeFiles/cmTC_52544.dir/src.c.o   -c /usr/technopark/test/CMakeFiles/CMakeTmp/src.c
Linking C executable cmTC_52544
/usr/local/bin/cmake -E cmake_link_script CMakeFiles/cmTC_52544.dir/link.txt --verbose=1
/usr/bin/cc  -DCMAKE_HAVE_LIBC_PTHREAD    CMakeFiles/cmTC_52544.dir/src.c.o  -o cmTC_52544 
/usr/bin/ld: CMakeFiles/cmTC_52544.dir/src.c.o: в функции «main»:
src.c:(.text+0x46): неопределённая ссылка на «pthread_create»
/usr/bin/ld: src.c:(.text+0x52): неопределённая ссылка на «pthread_detach»
/usr/bin/ld: src.c:(.text+0x63): неопределённая ссылка на «pthread_join»
collect2: error: ld returned 1 exit status
make[1]: *** [CMakeFiles/cmTC_52544.dir/build.make:87: cmTC_52544] Ошибка 1
make[1]: выход из каталога «/usr/technopark/test/CMakeFiles/CMakeTmp»
make: *** [Makefile:121: cmTC_52544/fast] Ошибка 2


Source file was:
#include <pthread.h>

void* test_func(void* data)
{
  return data;
}

int main(void)
{
  pthread_t thread;
  pthread_create(&thread, NULL, test_func, NULL);
  pthread_detach(thread);
  pthread_join(thread, NULL);
  pthread_atfork(NULL, NULL, NULL);
  pthread_exit(NULL);

  return 0;
}

Determining if the function pthread_create exists in the pthreads failed with the following output:
Change Dir: /usr/technopark/test/CMakeFiles/CMakeTmp

Run Build Command(s):/usr/bin/make cmTC_6efa9/fast && /usr/bin/make -f CMakeFiles/cmTC_6efa9.dir/build.make CMakeFiles/cmTC_6efa9.dir/build
make[1]: вход в каталог «/usr/technopark/test/CMakeFiles/CMakeTmp»
Building C object CMakeFiles/cmTC_6efa9.dir/CheckFunctionExists.c.o
/usr/bin/cc   -DCHECK_FUNCTION_EXISTS=pthread_create   -o CMakeFiles/cmTC_6efa9.dir/CheckFunctionExists.c.o   -c /usr/local/share/cmake-3.15/Modules/CheckFunctionExists.c
Linking C executable cmTC_6efa9
/usr/local/bin/cmake -E cmake_link_script CMakeFiles/cmTC_6efa9.dir/link.txt --verbose=1
/usr/bin/cc  -DCHECK_FUNCTION_EXISTS=pthread_create    CMakeFiles/cmTC_6efa9.dir/CheckFunctionExists.c.o  -o cmTC_6efa9 -lpthreads 
/usr/bin/ld: невозможно найти -lpthreads
collect2: error: ld returned 1 exit status
make[1]: *** [CMakeFiles/cmTC_6efa9.dir/build.make:87: cmTC_6efa9] Ошибка 1
make[1]: выход из каталога «/usr/technopark/test/CMakeFiles/CMakeTmp»
make: *** [Makefile:121: cmTC_6efa9/fast] Ошибка 2



